<?xml version="1.0" encoding="UTF-8"?>
<testng-results retried="3" ignored="0" total="4" passed="0" failed="1" skipped="0">
  <reporter-output>
  </reporter-output>
  <suite started-at="2024-02-28T17:12:23 IST" name="BDD Test Suite" finished-at="2024-02-28T17:13:58 IST" duration-ms="95725">
    <groups>
      <group name="cucumber">
        <method signature="AbstractTestNGCucumberTests.runScenario(io.cucumber.testng.PickleWrapper,io.cucumber.testng.FeatureWrapper)[pri:0, instance:com.browserstack.RunWebDriverCucumberTests@675ffd1d]" name="runScenario" class="io.cucumber.testng.AbstractTestNGCucumberTests"/>
      </group> <!-- cucumber -->
    </groups>
    <test started-at="2024-02-28T17:12:23 IST" name="Cucumber Tests-0" finished-at="2024-02-28T17:13:58 IST" duration-ms="95725">
      <class name="com.browserstack.RunWebDriverCucumberTests">
        <test-method is-config="true" signature="setUpClass(org.testng.ITestContext)[pri:0, instance:com.browserstack.RunWebDriverCucumberTests@675ffd1d]" started-at="2024-02-28T17:12:23 IST" name="setUpClass" finished-at="2024-02-28T17:12:23 IST" duration-ms="215" status="PASS">
          <params>
            <param index="0">
              <value>
                <![CDATA[org.testng.TestRunner@7ea08277]]>
              </value>
            </param>
          </params>
          <reporter-output>
          </reporter-output>
        </test-method> <!-- setUpClass -->
        <test-method retried="true" signature="runScenario(io.cucumber.testng.PickleWrapper,io.cucumber.testng.FeatureWrapper)[pri:0, instance:com.browserstack.RunWebDriverCucumberTests@675ffd1d]" started-at="2024-02-28T17:12:23 IST" name="runScenario" description="Runs Cucumber Scenarios" data-provider="scenarios" finished-at="2024-02-28T17:12:41 IST" duration-ms="18253" status="SKIP">
          <params>
            <param index="0">
              <value>
                <![CDATA["BStack Sample Test - Add product to cart"]]>
              </value>
            </param>
            <param index="1">
              <value>
                <![CDATA["BrowserStack Demo"]]>
              </value>
            </param>
          </params>
          <exception class="java.lang.AssertionError">
            <message>
              <![CDATA[expected [iPhone 12] but found [iPhone 12
$799.00
or 9 x $ 88.78
Add to cart]]]>
            </message>
            <full-stacktrace>
              <![CDATA[java.lang.AssertionError: expected [iPhone 12] but found [iPhone 12
$799.00
or 9 x $ 88.78
Add to cart]
at org.testng.Assert.fail(Assert.java:99)
at org.testng.Assert.failNotEquals(Assert.java:1037)
at org.testng.Assert.assertEqualsImpl(Assert.java:140)
at org.testng.Assert.assertEquals(Assert.java:122)
at org.testng.Assert.assertEquals(Assert.java:629)
at org.testng.Assert.assertEquals(Assert.java:639)
at com.browserstack.stepdefs.StackDemoSteps.product_should_be_added_to_cart(StackDemoSteps.java:51)
at ✽.the product should be added to cart(file:///Users/manoj/Downloads/cucumber-java-browserstack-master/src/test/resources/features/test/StackDemo.feature:6)
]]>
            </full-stacktrace>
          </exception> <!-- java.lang.AssertionError -->
          <reporter-output>
          </reporter-output>
        </test-method> <!-- runScenario -->
        <test-method retried="true" signature="runScenario(io.cucumber.testng.PickleWrapper,io.cucumber.testng.FeatureWrapper)[pri:0, instance:com.browserstack.RunWebDriverCucumberTests@675ffd1d]" started-at="2024-02-28T17:12:43 IST" name="runScenario" description="Runs Cucumber Scenarios" data-provider="scenarios" finished-at="2024-02-28T17:13:05 IST" duration-ms="21975" status="SKIP">
          <params>
            <param index="0">
              <value>
                <![CDATA["BStack Sample Test - Add product to cart"]]>
              </value>
            </param>
            <param index="1">
              <value>
                <![CDATA["BrowserStack Demo"]]>
              </value>
            </param>
          </params>
          <exception class="java.lang.AssertionError">
            <message>
              <![CDATA[expected [iPhone 12] but found [iPhone 12
$799.00
or 9 x $ 88.78
Add to cart]]]>
            </message>
            <full-stacktrace>
              <![CDATA[java.lang.AssertionError: expected [iPhone 12] but found [iPhone 12
$799.00
or 9 x $ 88.78
Add to cart]
at org.testng.Assert.fail(Assert.java:99)
at org.testng.Assert.failNotEquals(Assert.java:1037)
at org.testng.Assert.assertEqualsImpl(Assert.java:140)
at org.testng.Assert.assertEquals(Assert.java:122)
at org.testng.Assert.assertEquals(Assert.java:629)
at org.testng.Assert.assertEquals(Assert.java:639)
at com.browserstack.stepdefs.StackDemoSteps.product_should_be_added_to_cart(StackDemoSteps.java:51)
at ✽.the product should be added to cart(file:///Users/manoj/Downloads/cucumber-java-browserstack-master/src/test/resources/features/test/StackDemo.feature:6)
]]>
            </full-stacktrace>
          </exception> <!-- java.lang.AssertionError -->
          <reporter-output>
          </reporter-output>
        </test-method> <!-- runScenario -->
        <test-method retried="true" signature="runScenario(io.cucumber.testng.PickleWrapper,io.cucumber.testng.FeatureWrapper)[pri:0, instance:com.browserstack.RunWebDriverCucumberTests@675ffd1d]" started-at="2024-02-28T17:13:08 IST" name="runScenario" description="Runs Cucumber Scenarios" data-provider="scenarios" finished-at="2024-02-28T17:13:28 IST" duration-ms="19991" status="SKIP">
          <params>
            <param index="0">
              <value>
                <![CDATA["BStack Sample Test - Add product to cart"]]>
              </value>
            </param>
            <param index="1">
              <value>
                <![CDATA["BrowserStack Demo"]]>
              </value>
            </param>
          </params>
          <exception class="java.lang.AssertionError">
            <message>
              <![CDATA[expected [iPhone 12] but found [iPhone 12
$799.00
or 9 x $ 88.78
Add to cart]]]>
            </message>
            <full-stacktrace>
              <![CDATA[java.lang.AssertionError: expected [iPhone 12] but found [iPhone 12
$799.00
or 9 x $ 88.78
Add to cart]
at org.testng.Assert.fail(Assert.java:99)
at org.testng.Assert.failNotEquals(Assert.java:1037)
at org.testng.Assert.assertEqualsImpl(Assert.java:140)
at org.testng.Assert.assertEquals(Assert.java:122)
at org.testng.Assert.assertEquals(Assert.java:629)
at org.testng.Assert.assertEquals(Assert.java:639)
at com.browserstack.stepdefs.StackDemoSteps.product_should_be_added_to_cart(StackDemoSteps.java:51)
at ✽.the product should be added to cart(file:///Users/manoj/Downloads/cucumber-java-browserstack-master/src/test/resources/features/test/StackDemo.feature:6)
]]>
            </full-stacktrace>
          </exception> <!-- java.lang.AssertionError -->
          <reporter-output>
          </reporter-output>
        </test-method> <!-- runScenario -->
        <test-method signature="runScenario(io.cucumber.testng.PickleWrapper,io.cucumber.testng.FeatureWrapper)[pri:0, instance:com.browserstack.RunWebDriverCucumberTests@675ffd1d]" started-at="2024-02-28T17:13:30 IST" name="runScenario" description="Runs Cucumber Scenarios" data-provider="scenarios" finished-at="2024-02-28T17:13:56 IST" duration-ms="25503" status="FAIL">
          <params>
            <param index="0">
              <value>
                <![CDATA["BStack Sample Test - Add product to cart"]]>
              </value>
            </param>
            <param index="1">
              <value>
                <![CDATA["BrowserStack Demo"]]>
              </value>
            </param>
          </params>
          <exception class="java.lang.AssertionError">
            <message>
              <![CDATA[expected [iPhone 12] but found [iPhone 12
$799.00
or 9 x $ 88.78
Add to cart]]]>
            </message>
            <full-stacktrace>
              <![CDATA[java.lang.AssertionError: expected [iPhone 12] but found [iPhone 12
$799.00
or 9 x $ 88.78
Add to cart]
at org.testng.Assert.fail(Assert.java:99)
at org.testng.Assert.failNotEquals(Assert.java:1037)
at org.testng.Assert.assertEqualsImpl(Assert.java:140)
at org.testng.Assert.assertEquals(Assert.java:122)
at org.testng.Assert.assertEquals(Assert.java:629)
at org.testng.Assert.assertEquals(Assert.java:639)
at com.browserstack.stepdefs.StackDemoSteps.product_should_be_added_to_cart(StackDemoSteps.java:51)
at ✽.the product should be added to cart(file:///Users/manoj/Downloads/cucumber-java-browserstack-master/src/test/resources/features/test/StackDemo.feature:6)
]]>
            </full-stacktrace>
          </exception> <!-- java.lang.AssertionError -->
          <reporter-output>
          </reporter-output>
        </test-method> <!-- runScenario -->
        <test-method is-config="true" signature="tearDownClass()[pri:0, instance:com.browserstack.RunWebDriverCucumberTests@675ffd1d]" started-at="2024-02-28T17:13:58 IST" name="tearDownClass" finished-at="2024-02-28T17:13:58 IST" duration-ms="63" status="PASS">
          <reporter-output>
          </reporter-output>
        </test-method> <!-- tearDownClass -->
      </class> <!-- com.browserstack.RunWebDriverCucumberTests -->
    </test> <!-- Cucumber Tests-0 -->
  </suite> <!-- BDD Test Suite -->
</testng-results>
