<?xml version="1.0" encoding="UTF-8"?>
<testsuite xmlns:xsi="http://www.w3.org/2001/XMLSchema-instance" xsi:noNamespaceSchemaLocation="https://maven.apache.org/surefire/maven-surefire-plugin/xsd/surefire-test-report-3.0.xsd" version="3.0" name="TestSuite" time="95.979" tests="4" errors="0" skipped="3" failures="1">
  <properties>
    <property name="cucumber.features" value="src/test/resources/features/test"/>
    <property name="cucumber.publish.quiet" value="true"/>
    <property name="java.specification.version" value="21"/>
    <property name="sun.jnu.encoding" value="UTF-8"/>
    <property name="java.class.path" value="/Users/manoj/Downloads/cucumber-java-browserstack-master/target/test-classes:/Users/manoj/Downloads/cucumber-java-browserstack-master/target/classes:/Users/manoj/.m2/repository/org/testng/testng/7.4.0/testng-7.4.0.jar:/Users/manoj/.m2/repository/com/beust/jcommander/1.78/jcommander-1.78.jar:/Users/manoj/.m2/repository/org/webjars/jquery/3.5.1/jquery-3.5.1.jar:/Users/manoj/.m2/repository/io/cucumber/cucumber-java/7.4.1/cucumber-java-7.4.1.jar:/Users/manoj/.m2/repository/io/cucumber/cucumber-core/7.4.1/cucumber-core-7.4.1.jar:/Users/manoj/.m2/repository/io/cucumber/cucumber-gherkin/7.4.1/cucumber-gherkin-7.4.1.jar:/Users/manoj/.m2/repository/io/cucumber/cucumber-gherkin-messages/7.4.1/cucumber-gherkin-messages-7.4.1.jar:/Users/manoj/.m2/repository/io/cucumber/gherkin/23.0.1/gherkin-23.0.1.jar:/Users/manoj/.m2/repository/io/cucumber/messages/18.0.0/messages-18.0.0.jar:/Users/manoj/.m2/repository/io/cucumber/tag-expressions/4.1.0/tag-expressions-4.1.0.jar:/Users/manoj/.m2/repository/io/cucumber/cucumber-expressions/16.0.0/cucumber-expressions-16.0.0.jar:/Users/manoj/.m2/repository/io/cucumber/datatable/7.4.1/datatable-7.4.1.jar:/Users/manoj/.m2/repository/io/cucumber/cucumber-plugin/7.4.1/cucumber-plugin-7.4.1.jar:/Users/manoj/.m2/repository/io/cucumber/docstring/7.4.1/docstring-7.4.1.jar:/Users/manoj/.m2/repository/io/cucumber/html-formatter/19.2.0/html-formatter-19.2.0.jar:/Users/manoj/.m2/repository/io/cucumber/ci-environment/9.0.4/ci-environment-9.0.4.jar:/Users/manoj/.m2/repository/org/apiguardian/apiguardian-api/1.1.2/apiguardian-api-1.1.2.jar:/Users/manoj/.m2/repository/io/cucumber/cucumber-testng/7.4.1/cucumber-testng-7.4.1.jar:/Users/manoj/.m2/repository/org/seleniumhq/selenium/selenium-java/4.1.4/selenium-java-4.1.4.jar:/Users/manoj/.m2/repository/org/seleniumhq/selenium/selenium-api/4.1.4/selenium-api-4.1.4.jar:/Users/manoj/.m2/repository/org/seleniumhq/selenium/selenium-chrome-driver/4.1.4/selenium-chrome-driver-4.1.4.jar:/Users/manoj/.m2/repository/com/google/auto/service/auto-service-annotations/1.0.1/auto-service-annotations-1.0.1.jar:/Users/manoj/.m2/repository/com/google/auto/service/auto-service/1.0.1/auto-service-1.0.1.jar:/Users/manoj/.m2/repository/com/google/auto/auto-common/1.2/auto-common-1.2.jar:/Users/manoj/.m2/repository/com/google/guava/guava/31.1-jre/guava-31.1-jre.jar:/Users/manoj/.m2/repository/com/google/guava/failureaccess/1.0.1/failureaccess-1.0.1.jar:/Users/manoj/.m2/repository/com/google/guava/listenablefuture/9999.0-empty-to-avoid-conflict-with-guava/listenablefuture-9999.0-empty-to-avoid-conflict-with-guava.jar:/Users/manoj/.m2/repository/com/google/code/findbugs/jsr305/3.0.2/jsr305-3.0.2.jar:/Users/manoj/.m2/repository/org/checkerframework/checker-qual/3.12.0/checker-qual-3.12.0.jar:/Users/manoj/.m2/repository/com/google/errorprone/error_prone_annotations/2.11.0/error_prone_annotations-2.11.0.jar:/Users/manoj/.m2/repository/com/google/j2objc/j2objc-annotations/1.3/j2objc-annotations-1.3.jar:/Users/manoj/.m2/repository/org/seleniumhq/selenium/selenium-chromium-driver/4.1.4/selenium-chromium-driver-4.1.4.jar:/Users/manoj/.m2/repository/org/seleniumhq/selenium/selenium-json/4.1.4/selenium-json-4.1.4.jar:/Users/manoj/.m2/repository/org/seleniumhq/selenium/selenium-devtools-v100/4.1.4/selenium-devtools-v100-4.1.4.jar:/Users/manoj/.m2/repository/org/seleniumhq/selenium/selenium-devtools-v101/4.1.4/selenium-devtools-v101-4.1.4.jar:/Users/manoj/.m2/repository/org/seleniumhq/selenium/selenium-devtools-v85/4.1.4/selenium-devtools-v85-4.1.4.jar:/Users/manoj/.m2/repository/org/seleniumhq/selenium/selenium-devtools-v99/4.1.4/selenium-devtools-v99-4.1.4.jar:/Users/manoj/.m2/repository/org/seleniumhq/selenium/selenium-edge-driver/4.1.4/selenium-edge-driver-4.1.4.jar:/Users/manoj/.m2/repository/org/seleniumhq/selenium/selenium-firefox-driver/4.1.4/selenium-firefox-driver-4.1.4.jar:/Users/manoj/.m2/repository/org/seleniumhq/selenium/selenium-ie-driver/4.1.4/selenium-ie-driver-4.1.4.jar:/Users/manoj/.m2/repository/org/seleniumhq/selenium/selenium-opera-driver/4.1.4/selenium-opera-driver-4.1.4.jar:/Users/manoj/.m2/repository/org/seleniumhq/selenium/selenium-remote-driver/4.1.4/selenium-remote-driver-4.1.4.jar:/Users/manoj/.m2/repository/io/netty/netty-buffer/4.1.76.Final/netty-buffer-4.1.76.Final.jar:/Users/manoj/.m2/repository/io/netty/netty-codec-http/4.1.76.Final/netty-codec-http-4.1.76.Final.jar:/Users/manoj/.m2/repository/io/netty/netty-codec/4.1.76.Final/netty-codec-4.1.76.Final.jar:/Users/manoj/.m2/repository/io/netty/netty-handler/4.1.76.Final/netty-handler-4.1.76.Final.jar:/Users/manoj/.m2/repository/io/netty/netty-common/4.1.76.Final/netty-common-4.1.76.Final.jar:/Users/manoj/.m2/repository/io/netty/netty-transport-classes-epoll/4.1.76.Final/netty-transport-classes-epoll-4.1.76.Final.jar:/Users/manoj/.m2/repository/io/netty/netty-transport-classes-kqueue/4.1.76.Final/netty-transport-classes-kqueue-4.1.76.Final.jar:/Users/manoj/.m2/repository/io/netty/netty-transport-native-epoll/4.1.76.Final/netty-transport-native-epoll-4.1.76.Final.jar:/Users/manoj/.m2/repository/io/netty/netty-transport-native-kqueue/4.1.76.Final/netty-transport-native-kqueue-4.1.76.Final.jar:/Users/manoj/.m2/repository/io/netty/netty-transport-native-unix-common/4.1.76.Final/netty-transport-native-unix-common-4.1.76.Final.jar:/Users/manoj/.m2/repository/io/netty/netty-transport/4.1.76.Final/netty-transport-4.1.76.Final.jar:/Users/manoj/.m2/repository/io/netty/netty-resolver/4.1.76.Final/netty-resolver-4.1.76.Final.jar:/Users/manoj/.m2/repository/io/opentelemetry/opentelemetry-api/1.13.0/opentelemetry-api-1.13.0.jar:/Users/manoj/.m2/repository/io/opentelemetry/opentelemetry-context/1.13.0/opentelemetry-context-1.13.0.jar:/Users/manoj/.m2/repository/io/opentelemetry/opentelemetry-exporter-logging/1.13.0/opentelemetry-exporter-logging-1.13.0.jar:/Users/manoj/.m2/repository/io/opentelemetry/opentelemetry-sdk-metrics/1.13.0-alpha/opentelemetry-sdk-metrics-1.13.0-alpha.jar:/Users/manoj/.m2/repository/io/opentelemetry/opentelemetry-sdk-logs/1.13.0-alpha/opentelemetry-sdk-logs-1.13.0-alpha.jar:/Users/manoj/.m2/repository/io/opentelemetry/opentelemetry-sdk-common/1.13.0/opentelemetry-sdk-common-1.13.0.jar:/Users/manoj/.m2/repository/io/opentelemetry/opentelemetry-sdk-extension-autoconfigure-spi/1.13.0/opentelemetry-sdk-extension-autoconfigure-spi-1.13.0.jar:/Users/manoj/.m2/repository/io/opentelemetry/opentelemetry-sdk-extension-autoconfigure/1.13.0-alpha/opentelemetry-sdk-extension-autoconfigure-1.13.0-alpha.jar:/Users/manoj/.m2/repository/io/opentelemetry/opentelemetry-sdk-trace/1.13.0/opentelemetry-sdk-trace-1.13.0.jar:/Users/manoj/.m2/repository/io/opentelemetry/opentelemetry-sdk/1.13.0/opentelemetry-sdk-1.13.0.jar:/Users/manoj/.m2/repository/io/opentelemetry/opentelemetry-semconv/1.13.0-alpha/opentelemetry-semconv-1.13.0-alpha.jar:/Users/manoj/.m2/repository/io/ous/jtoml/2.0.0/jtoml-2.0.0.jar:/Users/manoj/.m2/repository/net/bytebuddy/byte-buddy/1.12.9/byte-buddy-1.12.9.jar:/Users/manoj/.m2/repository/org/apache/commons/commons-exec/1.3/commons-exec-1.3.jar:/Users/manoj/.m2/repository/org/asynchttpclient/async-http-client/2.12.3/async-http-client-2.12.3.jar:/Users/manoj/.m2/repository/org/asynchttpclient/async-http-client-netty-utils/2.12.3/async-http-client-netty-utils-2.12.3.jar:/Users/manoj/.m2/repository/io/netty/netty-codec-socks/4.1.60.Final/netty-codec-socks-4.1.60.Final.jar:/Users/manoj/.m2/repository/io/netty/netty-handler-proxy/4.1.60.Final/netty-handler-proxy-4.1.60.Final.jar:/Users/manoj/.m2/repository/io/netty/netty-transport-native-epoll/4.1.60.Final/netty-transport-native-epoll-4.1.60.Final-linux-x86_64.jar:/Users/manoj/.m2/repository/io/netty/netty-transport-native-kqueue/4.1.60.Final/netty-transport-native-kqueue-4.1.60.Final-osx-x86_64.jar:/Users/manoj/.m2/repository/org/reactivestreams/reactive-streams/1.0.3/reactive-streams-1.0.3.jar:/Users/manoj/.m2/repository/com/typesafe/netty/netty-reactive-streams/2.0.4/netty-reactive-streams-2.0.4.jar:/Users/manoj/.m2/repository/com/sun/activation/jakarta.activation/1.2.2/jakarta.activation-1.2.2.jar:/Users/manoj/.m2/repository/org/seleniumhq/selenium/selenium-http/4.1.4/selenium-http-4.1.4.jar:/Users/manoj/.m2/repository/dev/failsafe/failsafe/3.2.3/failsafe-3.2.3.jar:/Users/manoj/.m2/repository/org/seleniumhq/selenium/selenium-safari-driver/4.1.4/selenium-safari-driver-4.1.4.jar:/Users/manoj/.m2/repository/org/seleniumhq/selenium/selenium-support/4.1.4/selenium-support-4.1.4.jar:/Users/manoj/.m2/repository/com/browserstack/browserstack-java-sdk/1.13.10/browserstack-java-sdk-1.13.10.jar:/Users/manoj/.m2/repository/io/qameta/allure/allure-testng/2.18.1/allure-testng-2.18.1.jar:/Users/manoj/.m2/repository/io/qameta/allure/allure-java-commons/2.18.1/allure-java-commons-2.18.1.jar:/Users/manoj/.m2/repository/org/slf4j/slf4j-api/1.7.30/slf4j-api-1.7.30.jar:/Users/manoj/.m2/repository/io/qameta/allure/allure-model/2.18.1/allure-model-2.18.1.jar:/Users/manoj/.m2/repository/io/qameta/allure/allure-test-filter/2.18.1/allure-test-filter-2.18.1.jar:"/>
    <property name="java.vm.vendor" value="Oracle Corporation"/>
    <property name="cucumber.execution.parallel.config.fixed.parallelism" value="1"/>
    <property name="sun.arch.data.model" value="64"/>
    <property name="OBSERVABILITY_BUILD_HASHED_ID" value="oq2ipsgo8vz7kabgpkzdjzis2cy1dxsgt28sbaep"/>
    <property name="java.vendor.url" value="https://java.oracle.com/"/>
    <property name="user.timezone" value="Asia/Kolkata"/>
    <property name="cucumber.execution.parallel.enabled" value="true"/>
    <property name="java.vm.specification.version" value="21"/>
    <property name="os.name" value="Mac OS X"/>
    <property name="junit.jupiter.execution.parallel.config.fixed.max-pool-size" value="1"/>
    <property name="sun.java.launcher" value="SUN_STANDARD"/>
    <property name="user.country" value="IN"/>
    <property name="sun.boot.library.path" value="/Library/Java/JavaVirtualMachines/jdk-21.jdk/Contents/Home/lib"/>
    <property name="OBSERVABILITY_ALLOW_SCREENSHOTS" value="true"/>
    <property name="sun.java.command" value="/Users/manoj/Downloads/cucumber-java-browserstack-master/target/surefire/surefirebooter1345745361133341789.jar /Users/manoj/Downloads/cucumber-java-browserstack-master/target/surefire 2024-02-28T17-12-17_449-jvmRun1 surefire3358853693834932217tmp surefire_08438165098133351339tmp"/>
    <property name="jdk.debug" value="release"/>
    <property name="surefire.test.class.path" value="/Users/manoj/Downloads/cucumber-java-browserstack-master/target/test-classes:/Users/manoj/Downloads/cucumber-java-browserstack-master/target/classes:/Users/manoj/.m2/repository/org/testng/testng/7.4.0/testng-7.4.0.jar:/Users/manoj/.m2/repository/com/beust/jcommander/1.78/jcommander-1.78.jar:/Users/manoj/.m2/repository/org/webjars/jquery/3.5.1/jquery-3.5.1.jar:/Users/manoj/.m2/repository/io/cucumber/cucumber-java/7.4.1/cucumber-java-7.4.1.jar:/Users/manoj/.m2/repository/io/cucumber/cucumber-core/7.4.1/cucumber-core-7.4.1.jar:/Users/manoj/.m2/repository/io/cucumber/cucumber-gherkin/7.4.1/cucumber-gherkin-7.4.1.jar:/Users/manoj/.m2/repository/io/cucumber/cucumber-gherkin-messages/7.4.1/cucumber-gherkin-messages-7.4.1.jar:/Users/manoj/.m2/repository/io/cucumber/gherkin/23.0.1/gherkin-23.0.1.jar:/Users/manoj/.m2/repository/io/cucumber/messages/18.0.0/messages-18.0.0.jar:/Users/manoj/.m2/repository/io/cucumber/tag-expressions/4.1.0/tag-expressions-4.1.0.jar:/Users/manoj/.m2/repository/io/cucumber/cucumber-expressions/16.0.0/cucumber-expressions-16.0.0.jar:/Users/manoj/.m2/repository/io/cucumber/datatable/7.4.1/datatable-7.4.1.jar:/Users/manoj/.m2/repository/io/cucumber/cucumber-plugin/7.4.1/cucumber-plugin-7.4.1.jar:/Users/manoj/.m2/repository/io/cucumber/docstring/7.4.1/docstring-7.4.1.jar:/Users/manoj/.m2/repository/io/cucumber/html-formatter/19.2.0/html-formatter-19.2.0.jar:/Users/manoj/.m2/repository/io/cucumber/ci-environment/9.0.4/ci-environment-9.0.4.jar:/Users/manoj/.m2/repository/org/apiguardian/apiguardian-api/1.1.2/apiguardian-api-1.1.2.jar:/Users/manoj/.m2/repository/io/cucumber/cucumber-testng/7.4.1/cucumber-testng-7.4.1.jar:/Users/manoj/.m2/repository/org/seleniumhq/selenium/selenium-java/4.1.4/selenium-java-4.1.4.jar:/Users/manoj/.m2/repository/org/seleniumhq/selenium/selenium-api/4.1.4/selenium-api-4.1.4.jar:/Users/manoj/.m2/repository/org/seleniumhq/selenium/selenium-chrome-driver/4.1.4/selenium-chrome-driver-4.1.4.jar:/Users/manoj/.m2/repository/com/google/auto/service/auto-service-annotations/1.0.1/auto-service-annotations-1.0.1.jar:/Users/manoj/.m2/repository/com/google/auto/service/auto-service/1.0.1/auto-service-1.0.1.jar:/Users/manoj/.m2/repository/com/google/auto/auto-common/1.2/auto-common-1.2.jar:/Users/manoj/.m2/repository/com/google/guava/guava/31.1-jre/guava-31.1-jre.jar:/Users/manoj/.m2/repository/com/google/guava/failureaccess/1.0.1/failureaccess-1.0.1.jar:/Users/manoj/.m2/repository/com/google/guava/listenablefuture/9999.0-empty-to-avoid-conflict-with-guava/listenablefuture-9999.0-empty-to-avoid-conflict-with-guava.jar:/Users/manoj/.m2/repository/com/google/code/findbugs/jsr305/3.0.2/jsr305-3.0.2.jar:/Users/manoj/.m2/repository/org/checkerframework/checker-qual/3.12.0/checker-qual-3.12.0.jar:/Users/manoj/.m2/repository/com/google/errorprone/error_prone_annotations/2.11.0/error_prone_annotations-2.11.0.jar:/Users/manoj/.m2/repository/com/google/j2objc/j2objc-annotations/1.3/j2objc-annotations-1.3.jar:/Users/manoj/.m2/repository/org/seleniumhq/selenium/selenium-chromium-driver/4.1.4/selenium-chromium-driver-4.1.4.jar:/Users/manoj/.m2/repository/org/seleniumhq/selenium/selenium-json/4.1.4/selenium-json-4.1.4.jar:/Users/manoj/.m2/repository/org/seleniumhq/selenium/selenium-devtools-v100/4.1.4/selenium-devtools-v100-4.1.4.jar:/Users/manoj/.m2/repository/org/seleniumhq/selenium/selenium-devtools-v101/4.1.4/selenium-devtools-v101-4.1.4.jar:/Users/manoj/.m2/repository/org/seleniumhq/selenium/selenium-devtools-v85/4.1.4/selenium-devtools-v85-4.1.4.jar:/Users/manoj/.m2/repository/org/seleniumhq/selenium/selenium-devtools-v99/4.1.4/selenium-devtools-v99-4.1.4.jar:/Users/manoj/.m2/repository/org/seleniumhq/selenium/selenium-edge-driver/4.1.4/selenium-edge-driver-4.1.4.jar:/Users/manoj/.m2/repository/org/seleniumhq/selenium/selenium-firefox-driver/4.1.4/selenium-firefox-driver-4.1.4.jar:/Users/manoj/.m2/repository/org/seleniumhq/selenium/selenium-ie-driver/4.1.4/selenium-ie-driver-4.1.4.jar:/Users/manoj/.m2/repository/org/seleniumhq/selenium/selenium-opera-driver/4.1.4/selenium-opera-driver-4.1.4.jar:/Users/manoj/.m2/repository/org/seleniumhq/selenium/selenium-remote-driver/4.1.4/selenium-remote-driver-4.1.4.jar:/Users/manoj/.m2/repository/io/netty/netty-buffer/4.1.76.Final/netty-buffer-4.1.76.Final.jar:/Users/manoj/.m2/repository/io/netty/netty-codec-http/4.1.76.Final/netty-codec-http-4.1.76.Final.jar:/Users/manoj/.m2/repository/io/netty/netty-codec/4.1.76.Final/netty-codec-4.1.76.Final.jar:/Users/manoj/.m2/repository/io/netty/netty-handler/4.1.76.Final/netty-handler-4.1.76.Final.jar:/Users/manoj/.m2/repository/io/netty/netty-common/4.1.76.Final/netty-common-4.1.76.Final.jar:/Users/manoj/.m2/repository/io/netty/netty-transport-classes-epoll/4.1.76.Final/netty-transport-classes-epoll-4.1.76.Final.jar:/Users/manoj/.m2/repository/io/netty/netty-transport-classes-kqueue/4.1.76.Final/netty-transport-classes-kqueue-4.1.76.Final.jar:/Users/manoj/.m2/repository/io/netty/netty-transport-native-epoll/4.1.76.Final/netty-transport-native-epoll-4.1.76.Final.jar:/Users/manoj/.m2/repository/io/netty/netty-transport-native-kqueue/4.1.76.Final/netty-transport-native-kqueue-4.1.76.Final.jar:/Users/manoj/.m2/repository/io/netty/netty-transport-native-unix-common/4.1.76.Final/netty-transport-native-unix-common-4.1.76.Final.jar:/Users/manoj/.m2/repository/io/netty/netty-transport/4.1.76.Final/netty-transport-4.1.76.Final.jar:/Users/manoj/.m2/repository/io/netty/netty-resolver/4.1.76.Final/netty-resolver-4.1.76.Final.jar:/Users/manoj/.m2/repository/io/opentelemetry/opentelemetry-api/1.13.0/opentelemetry-api-1.13.0.jar:/Users/manoj/.m2/repository/io/opentelemetry/opentelemetry-context/1.13.0/opentelemetry-context-1.13.0.jar:/Users/manoj/.m2/repository/io/opentelemetry/opentelemetry-exporter-logging/1.13.0/opentelemetry-exporter-logging-1.13.0.jar:/Users/manoj/.m2/repository/io/opentelemetry/opentelemetry-sdk-metrics/1.13.0-alpha/opentelemetry-sdk-metrics-1.13.0-alpha.jar:/Users/manoj/.m2/repository/io/opentelemetry/opentelemetry-sdk-logs/1.13.0-alpha/opentelemetry-sdk-logs-1.13.0-alpha.jar:/Users/manoj/.m2/repository/io/opentelemetry/opentelemetry-sdk-common/1.13.0/opentelemetry-sdk-common-1.13.0.jar:/Users/manoj/.m2/repository/io/opentelemetry/opentelemetry-sdk-extension-autoconfigure-spi/1.13.0/opentelemetry-sdk-extension-autoconfigure-spi-1.13.0.jar:/Users/manoj/.m2/repository/io/opentelemetry/opentelemetry-sdk-extension-autoconfigure/1.13.0-alpha/opentelemetry-sdk-extension-autoconfigure-1.13.0-alpha.jar:/Users/manoj/.m2/repository/io/opentelemetry/opentelemetry-sdk-trace/1.13.0/opentelemetry-sdk-trace-1.13.0.jar:/Users/manoj/.m2/repository/io/opentelemetry/opentelemetry-sdk/1.13.0/opentelemetry-sdk-1.13.0.jar:/Users/manoj/.m2/repository/io/opentelemetry/opentelemetry-semconv/1.13.0-alpha/opentelemetry-semconv-1.13.0-alpha.jar:/Users/manoj/.m2/repository/io/ous/jtoml/2.0.0/jtoml-2.0.0.jar:/Users/manoj/.m2/repository/net/bytebuddy/byte-buddy/1.12.9/byte-buddy-1.12.9.jar:/Users/manoj/.m2/repository/org/apache/commons/commons-exec/1.3/commons-exec-1.3.jar:/Users/manoj/.m2/repository/org/asynchttpclient/async-http-client/2.12.3/async-http-client-2.12.3.jar:/Users/manoj/.m2/repository/org/asynchttpclient/async-http-client-netty-utils/2.12.3/async-http-client-netty-utils-2.12.3.jar:/Users/manoj/.m2/repository/io/netty/netty-codec-socks/4.1.60.Final/netty-codec-socks-4.1.60.Final.jar:/Users/manoj/.m2/repository/io/netty/netty-handler-proxy/4.1.60.Final/netty-handler-proxy-4.1.60.Final.jar:/Users/manoj/.m2/repository/io/netty/netty-transport-native-epoll/4.1.60.Final/netty-transport-native-epoll-4.1.60.Final-linux-x86_64.jar:/Users/manoj/.m2/repository/io/netty/netty-transport-native-kqueue/4.1.60.Final/netty-transport-native-kqueue-4.1.60.Final-osx-x86_64.jar:/Users/manoj/.m2/repository/org/reactivestreams/reactive-streams/1.0.3/reactive-streams-1.0.3.jar:/Users/manoj/.m2/repository/com/typesafe/netty/netty-reactive-streams/2.0.4/netty-reactive-streams-2.0.4.jar:/Users/manoj/.m2/repository/com/sun/activation/jakarta.activation/1.2.2/jakarta.activation-1.2.2.jar:/Users/manoj/.m2/repository/org/seleniumhq/selenium/selenium-http/4.1.4/selenium-http-4.1.4.jar:/Users/manoj/.m2/repository/dev/failsafe/failsafe/3.2.3/failsafe-3.2.3.jar:/Users/manoj/.m2/repository/org/seleniumhq/selenium/selenium-safari-driver/4.1.4/selenium-safari-driver-4.1.4.jar:/Users/manoj/.m2/repository/org/seleniumhq/selenium/selenium-support/4.1.4/selenium-support-4.1.4.jar:/Users/manoj/.m2/repository/com/browserstack/browserstack-java-sdk/1.13.10/browserstack-java-sdk-1.13.10.jar:/Users/manoj/.m2/repository/io/qameta/allure/allure-testng/2.18.1/allure-testng-2.18.1.jar:/Users/manoj/.m2/repository/io/qameta/allure/allure-java-commons/2.18.1/allure-java-commons-2.18.1.jar:/Users/manoj/.m2/repository/org/slf4j/slf4j-api/1.7.30/slf4j-api-1.7.30.jar:/Users/manoj/.m2/repository/io/qameta/allure/allure-model/2.18.1/allure-model-2.18.1.jar:/Users/manoj/.m2/repository/io/qameta/allure/allure-test-filter/2.18.1/allure-test-filter-2.18.1.jar:"/>
    <property name="sun.cpu.endian" value="little"/>
    <property name="user.home" value="/Users/manoj"/>
    <property name="user.language" value="en"/>
    <property name="java.specification.vendor" value="Oracle Corporation"/>
    <property name="java.version.date" value="2023-09-19"/>
    <property name="java.home" value="/Library/Java/JavaVirtualMachines/jdk-21.jdk/Contents/Home"/>
    <property name="junit.jupiter.execution.parallel.mode.default" value="same_thread"/>
    <property name="file.separator" value="/"/>
    <property name="basedir" value="/Users/manoj/Downloads/cucumber-java-browserstack-master"/>
    <property name="java.vm.compressedOopsMode" value="Zero based"/>
    <property name="line.separator" value="&#10;"/>
    <property name="java.vm.specification.vendor" value="Oracle Corporation"/>
    <property name="java.specification.name" value="Java Platform API Specification"/>
    <property name="apple.awt.application.name" value="ForkedBooter"/>
    <property name="runScenario@0" value="0"/>
    <property name="surefire.real.class.path" value="/Users/manoj/Downloads/cucumber-java-browserstack-master/target/surefire/surefirebooter1345745361133341789.jar"/>
    <property name="sun.management.compiler" value="HotSpot 64-Bit Tiered Compilers"/>
    <property name="java.runtime.version" value="21+35-LTS-2513"/>
    <property name="user.name" value="manoj"/>
    <property name="stdout.encoding" value="US-ASCII"/>
    <property name="path.separator" value=":"/>
    <property name="otel.metrics.exporter" value="none"/>
    <property name="os.version" value="14.3.1"/>
    <property name="java.runtime.name" value="Java(TM) SE Runtime Environment"/>
    <property name="otel.traces.exporter" value="none"/>
    <property name="file.encoding" value="UTF-8"/>
    <property name="junit.jupiter.execution.parallel.mode.classes.default" value="concurrent"/>
    <property name="junit.jupiter.execution.parallel.config.strategy" value="fixed"/>
    <property name="java.vm.name" value="Java HotSpot(TM) 64-Bit Server VM"/>
    <property name="junit.jupiter.execution.parallel.enabled" value="true"/>
    <property name="localRepository" value="/Users/manoj/.m2/repository"/>
    <property name="java.vendor.url.bug" value="https://bugreport.java.com/bugreport/"/>
    <property name="java.io.tmpdir" value="/var/folders/lv/p8d2w1xx2bb_3bm7q7n3h_ph0000gq/T/"/>
    <property name="BROWSERSTACK_TESTHUB_UUID" value="oq2ipsgo8vz7kabgpkzdjzis2cy1dxsgt28sbaep"/>
    <property name="idea.version" value="2023.3.4"/>
    <property name="java.version" value="21"/>
    <property name="user.dir" value="/Users/manoj/Downloads/cucumber-java-browserstack-master"/>
    <property name="os.arch" value="aarch64"/>
    <property name="java.vm.specification.name" value="Java Virtual Machine Specification"/>
    <property name="OBSERVABILITY_JWT" value="eyJhbGciOiJIUzI1NiJ9.eyJpc3MiOiJicm93c2Vyc3RhY2tfb2IiLCJzdWIiOiI3NzI1MTAxIiwiZ3JvdXBfaWQiOjIsInVzZXJfaWQiOjc3MjUxMDEsImJ1aWxkX2hhc2hlZF9pZCI6Im9xMmlwc2dvOHZ6N2thYmdwa3pkanppczJjeTFkeHNndDI4c2JhZXAiLCJwcm9qZWN0X25hbWUiOiJCcm93c2VyU3RhY2sgU2FtcGxlcyIsImhvb2tfYXNfdGVzdCI6IjEiLCJpYXQiOjE3MDkxMjA1NDIsImV4cCI6MTcwOTQ2NjE0Mn0.wbLPfCVrB9tqFzomgy6lrhE7FgiNd0bsIHl-AeX15fE"/>
    <property name="native.encoding" value="US-ASCII"/>
    <property name="java.library.path" value="/Users/manoj/Library/Java/Extensions:/Library/Java/Extensions:/Network/Library/Java/Extensions:/System/Library/Java/Extensions:/usr/lib/java:."/>
    <property name="junit.jupiter.execution.parallel.config.fixed.parallelism" value="1"/>
    <property name="java.vm.info" value="mixed mode, sharing"/>
    <property name="stderr.encoding" value="US-ASCII"/>
    <property name="java.vendor" value="Oracle Corporation"/>
    <property name="java.vm.version" value="21+35-LTS-2513"/>
    <property name="cucumber.execution.execution-mode.feature" value="same_thread"/>
    <property name="cucumber.execution.parallel.config.strategy" value="fixed"/>
    <property name="sun.io.unicode.encoding" value="UnicodeBig"/>
    <property name="java.class.version" value="65.0"/>
  </properties>
  <testcase name="runScenario[&quot;BStack Sample Test - Add product to cart&quot;, &quot;BrowserStack Demo&quot;](1)" classname="com.browserstack.RunWebDriverCucumberTests" time="0">
    <skipped message="expected [iPhone 12] but found [iPhone 12&#10;$799.00&#10;or 9 x $ 88.78&#10;Add to cart]"/>
    <system-out><![CDATA[
Scenario: BStack Sample Test - Add product to cart          &amp#27;[90m# src/test/resources/features/test/StackDemo.feature:3&amp#27;[0m
  &amp#27;[32mGiven &amp#27;[0m&amp#27;[32mI am on the website '&amp#27;[0m&amp#27;[32m&amp#27;[1mhttps://www.bstackdemo.com&amp#27;[0m&amp#27;[32m'&amp#27;[0m    &amp#27;[90m# com.browserstack.stepdefs.StackDemoSteps.I_am_on_the_website(java.lang.String)&amp#27;[0m
  &amp#27;[32mWhen &amp#27;[0m&amp#27;[32mI select a product and click on 'Add to cart' button&amp#27;[0m &amp#27;[90m# com.browserstack.stepdefs.StackDemoSteps.I_select_a_product_and_add_to_cart()&amp#27;[0m
  &amp#27;[31mThen &amp#27;[0m&amp#27;[31mthe product should be added to cart&amp#27;[0m                  &amp#27;[90m# com.browserstack.stepdefs.StackDemoSteps.product_should_be_added_to_cart()&amp#27;[0m
      &amp#27;[31mjava.lang.AssertionError: expected [iPhone 12] but found [iPhone 12
$799.00
or 9 x $ 88.78
Add to cart]
	at org.testng.Assert.fail(Assert.java:99)
	at org.testng.Assert.failNotEquals(Assert.java:1037)
	at org.testng.Assert.assertEqualsImpl(Assert.java:140)
	at org.testng.Assert.assertEquals(Assert.java:122)
	at org.testng.Assert.assertEquals(Assert.java:629)
	at org.testng.Assert.assertEquals(Assert.java:639)
	at com.browserstack.stepdefs.StackDemoSteps.product_should_be_added_to_cart(StackDemoSteps.java:51)
	at ✽.the product should be added to cart(file:///Users/manoj/Downloads/cucumber-java-browserstack-master/src/test/resources/features/test/StackDemo.feature:6)
&amp#27;[0m
]]></system-out>
    <system-err><![CDATA[Feb 28, 2024 5:12:23 PM org.openqa.selenium.remote.tracing.opentelemetry.OpenTelemetryTracer createTracer
INFO: Using OpenTelemetry for tracing
Feb 28, 2024 5:12:28 PM org.openqa.selenium.remote.ProtocolHandshake createSession
INFO: Detected dialect: W3C
]]></system-err>
  </testcase>
  <testcase name="runScenario[&quot;BStack Sample Test - Add product to cart&quot;, &quot;BrowserStack Demo&quot;](2)" classname="com.browserstack.RunWebDriverCucumberTests" time="0">
    <skipped message="expected [iPhone 12] but found [iPhone 12&#10;$799.00&#10;or 9 x $ 88.78&#10;Add to cart]"/>
    <system-out><![CDATA[
Scenario: BStack Sample Test - Add product to cart          &amp#27;[90m# src/test/resources/features/test/StackDemo.feature:3&amp#27;[0m
  &amp#27;[32mGiven &amp#27;[0m&amp#27;[32mI am on the website '&amp#27;[0m&amp#27;[32m&amp#27;[1mhttps://www.bstackdemo.com&amp#27;[0m&amp#27;[32m'&amp#27;[0m    &amp#27;[90m# com.browserstack.stepdefs.StackDemoSteps.I_am_on_the_website(java.lang.String)&amp#27;[0m
  &amp#27;[32mWhen &amp#27;[0m&amp#27;[32mI select a product and click on 'Add to cart' button&amp#27;[0m &amp#27;[90m# com.browserstack.stepdefs.StackDemoSteps.I_select_a_product_and_add_to_cart()&amp#27;[0m
  &amp#27;[31mThen &amp#27;[0m&amp#27;[31mthe product should be added to cart&amp#27;[0m                  &amp#27;[90m# com.browserstack.stepdefs.StackDemoSteps.product_should_be_added_to_cart()&amp#27;[0m
      &amp#27;[31mjava.lang.AssertionError: expected [iPhone 12] but found [iPhone 12
$799.00
or 9 x $ 88.78
Add to cart]
	at org.testng.Assert.fail(Assert.java:99)
	at org.testng.Assert.failNotEquals(Assert.java:1037)
	at org.testng.Assert.assertEqualsImpl(Assert.java:140)
	at org.testng.Assert.assertEquals(Assert.java:122)
	at org.testng.Assert.assertEquals(Assert.java:629)
	at org.testng.Assert.assertEquals(Assert.java:639)
	at com.browserstack.stepdefs.StackDemoSteps.product_should_be_added_to_cart(StackDemoSteps.java:51)
	at ✽.the product should be added to cart(file:///Users/manoj/Downloads/cucumber-java-browserstack-master/src/test/resources/features/test/StackDemo.feature:6)
&amp#27;[0m
]]></system-out>
    <system-err><![CDATA[Feb 28, 2024 5:12:50 PM org.openqa.selenium.remote.ProtocolHandshake createSession
INFO: Detected dialect: W3C
]]></system-err>
  </testcase>
  <testcase name="runScenario[&quot;BStack Sample Test - Add product to cart&quot;, &quot;BrowserStack Demo&quot;](3)" classname="com.browserstack.RunWebDriverCucumberTests" time="0">
    <skipped message="expected [iPhone 12] but found [iPhone 12&#10;$799.00&#10;or 9 x $ 88.78&#10;Add to cart]"/>
    <system-out><![CDATA[
Scenario: BStack Sample Test - Add product to cart          &amp#27;[90m# src/test/resources/features/test/StackDemo.feature:3&amp#27;[0m
  &amp#27;[32mGiven &amp#27;[0m&amp#27;[32mI am on the website '&amp#27;[0m&amp#27;[32m&amp#27;[1mhttps://www.bstackdemo.com&amp#27;[0m&amp#27;[32m'&amp#27;[0m    &amp#27;[90m# com.browserstack.stepdefs.StackDemoSteps.I_am_on_the_website(java.lang.String)&amp#27;[0m
  &amp#27;[32mWhen &amp#27;[0m&amp#27;[32mI select a product and click on 'Add to cart' button&amp#27;[0m &amp#27;[90m# com.browserstack.stepdefs.StackDemoSteps.I_select_a_product_and_add_to_cart()&amp#27;[0m
  &amp#27;[31mThen &amp#27;[0m&amp#27;[31mthe product should be added to cart&amp#27;[0m                  &amp#27;[90m# com.browserstack.stepdefs.StackDemoSteps.product_should_be_added_to_cart()&amp#27;[0m
      &amp#27;[31mjava.lang.AssertionError: expected [iPhone 12] but found [iPhone 12
$799.00
or 9 x $ 88.78
Add to cart]
	at org.testng.Assert.fail(Assert.java:99)
	at org.testng.Assert.failNotEquals(Assert.java:1037)
	at org.testng.Assert.assertEqualsImpl(Assert.java:140)
	at org.testng.Assert.assertEquals(Assert.java:122)
	at org.testng.Assert.assertEquals(Assert.java:629)
	at org.testng.Assert.assertEquals(Assert.java:639)
	at com.browserstack.stepdefs.StackDemoSteps.product_should_be_added_to_cart(StackDemoSteps.java:51)
	at ✽.the product should be added to cart(file:///Users/manoj/Downloads/cucumber-java-browserstack-master/src/test/resources/features/test/StackDemo.feature:6)
&amp#27;[0m
]]></system-out>
    <system-err><![CDATA[Feb 28, 2024 5:13:14 PM org.openqa.selenium.remote.ProtocolHandshake createSession
INFO: Detected dialect: W3C
]]></system-err>
  </testcase>
  <testcase name="runScenario[&quot;BStack Sample Test - Add product to cart&quot;, &quot;BrowserStack Demo&quot;](4)" classname="com.browserstack.RunWebDriverCucumberTests" time="25.508">
    <failure message="expected [iPhone 12] but found [iPhone 12&#10;$799.00&#10;or 9 x $ 88.78&#10;Add to cart]" type="java.lang.AssertionError"><![CDATA[java.lang.AssertionError: 
expected [iPhone 12] but found [iPhone 12
$799.00
or 9 x $ 88.78
Add to cart]
]]></failure>
    <system-out><![CDATA[
Scenario: BStack Sample Test - Add product to cart          &amp#27;[90m# src/test/resources/features/test/StackDemo.feature:3&amp#27;[0m
  &amp#27;[32mGiven &amp#27;[0m&amp#27;[32mI am on the website '&amp#27;[0m&amp#27;[32m&amp#27;[1mhttps://www.bstackdemo.com&amp#27;[0m&amp#27;[32m'&amp#27;[0m    &amp#27;[90m# com.browserstack.stepdefs.StackDemoSteps.I_am_on_the_website(java.lang.String)&amp#27;[0m
  &amp#27;[32mWhen &amp#27;[0m&amp#27;[32mI select a product and click on 'Add to cart' button&amp#27;[0m &amp#27;[90m# com.browserstack.stepdefs.StackDemoSteps.I_select_a_product_and_add_to_cart()&amp#27;[0m
  &amp#27;[31mThen &amp#27;[0m&amp#27;[31mthe product should be added to cart&amp#27;[0m                  &amp#27;[90m# com.browserstack.stepdefs.StackDemoSteps.product_should_be_added_to_cart()&amp#27;[0m
      &amp#27;[31mjava.lang.AssertionError: expected [iPhone 12] but found [iPhone 12
$799.00
or 9 x $ 88.78
Add to cart]
	at org.testng.Assert.fail(Assert.java:99)
	at org.testng.Assert.failNotEquals(Assert.java:1037)
	at org.testng.Assert.assertEqualsImpl(Assert.java:140)
	at org.testng.Assert.assertEquals(Assert.java:122)
	at org.testng.Assert.assertEquals(Assert.java:629)
	at org.testng.Assert.assertEquals(Assert.java:639)
	at com.browserstack.stepdefs.StackDemoSteps.product_should_be_added_to_cart(StackDemoSteps.java:51)
	at ✽.the product should be added to cart(file:///Users/manoj/Downloads/cucumber-java-browserstack-master/src/test/resources/features/test/StackDemo.feature:6)
&amp#27;[0m
]]></system-out>
    <system-err><![CDATA[Feb 28, 2024 5:13:37 PM org.openqa.selenium.remote.ProtocolHandshake createSession
INFO: Detected dialect: W3C
]]></system-err>
  </testcase>
</testsuite>