<?xml version="1.0" encoding="UTF-8"?>
<!-- Generated by org.testng.reporters.JUnitReportReporter -->
<testsuite hostname="ManojKumar-FVFH71A4Q05N" failures="1" tests="4" name="com.browserstack.RunWebDriverCucumberTests" time="85.722" errors="0" timestamp="2024-02-28T17:13:58 IST" skipped="3">
  <testcase classname="com.browserstack.RunWebDriverCucumberTests" name="runScenario" time="19.991">
    <skipped/>
  </testcase> <!-- runScenario -->
  <system-out/>
  <testcase classname="com.browserstack.RunWebDriverCucumberTests" name="runScenario" time="25.503">
    <failure message="expected [iPhone 12] but found [iPhone 12
$799.00
or 9 x $ 88.78
Add to cart]" type="java.lang.AssertionError">
      <![CDATA[java.lang.AssertionError: expected [iPhone 12] but found [iPhone 12
$799.00
or 9 x $ 88.78
Add to cart]
at org.testng.Assert.fail(Assert.java:99)
at org.testng.Assert.failNotEquals(Assert.java:1037)
at org.testng.Assert.assertEqualsImpl(Assert.java:140)
at org.testng.Assert.assertEquals(Assert.java:122)
at org.testng.Assert.assertEquals(Assert.java:629)
at org.testng.Assert.assertEquals(Assert.java:639)
at com.browserstack.stepdefs.StackDemoSteps.product_should_be_added_to_cart(StackDemoSteps.java:51)
at âœ½.the product should be added to cart(file:///Users/manoj/Downloads/cucumber-java-browserstack-master/src/test/resources/features/test/StackDemo.feature:6)
]]>
    </failure>
  </testcase> <!-- runScenario -->
  <system-out/>
  <testcase classname="com.browserstack.RunWebDriverCucumberTests" name="runScenario" time="18.253">
    <skipped/>
  </testcase> <!-- runScenario -->
  <system-out/>
  <testcase classname="com.browserstack.RunWebDriverCucumberTests" name="runScenario" time="21.975">
    <skipped/>
  </testcase> <!-- runScenario -->
  <system-out/>
</testsuite> <!-- com.browserstack.RunWebDriverCucumberTests -->
