<?xml version="1.0" encoding="UTF-8"?>
<!-- Generated by org.testng.reporters.JUnitXMLReporter -->
<testsuite ignored="0" hostname="ManojKumar-FVFH71A4Q05N" failures="1" tests="4" name="Cucumber Tests-0" time="95.725" errors="0" timestamp="2024-02-28T17:13:58 IST">
  <testcase classname="io.cucumber.testng.AbstractTestNGCucumberTests" name="runScenario" time="18.253">
    <skipped/>
  </testcase> <!-- runScenario -->
  <testcase classname="io.cucumber.testng.AbstractTestNGCucumberTests" name="runScenario" time="21.975">
    <skipped/>
  </testcase> <!-- runScenario -->
  <testcase classname="io.cucumber.testng.AbstractTestNGCucumberTests" name="runScenario" time="19.991">
    <skipped/>
  </testcase> <!-- runScenario -->
  <testcase classname="io.cucumber.testng.AbstractTestNGCucumberTests" name="runScenario" time="25.503">
    <failure type="java.lang.AssertionError" message="expected [iPhone 12] but found [iPhone 12
$799.00
or 9 x $ 88.78
Add to cart]">
      <![CDATA[java.lang.AssertionError: expected [iPhone 12] but found [iPhone 12
$799.00
or 9 x $ 88.78
Add to cart]
at com.browserstack.stepdefs.StackDemoSteps.product_should_be_added_to_cart(StackDemoSteps.java:51)
at âœ½.the product should be added to cart(file:///Users/manoj/Downloads/cucumber-java-browserstack-master/src/test/resources/features/test/StackDemo.feature:6)
... Removed 6 stack frames]]>
    </failure>
  </testcase> <!-- runScenario -->
</testsuite> <!-- Cucumber Tests-0 -->
